<?xml version="1.0" encoding="UTF-8"?>
<!-- Generated by org.testng.reporters.JUnitReportReporter -->
<testsuite hostname="LAPTOP-4MO39718" name="BecowTestcases.LoginPageScript" tests="4" failures="0" timestamp="17 Apr 2019 12:16:34 GMT" time="5.311" errors="0">
  <testcase name="TC_02_LoginWrongSDTFormat" time="1.627" classname="BecowTestcases.LoginPageScript"/>
  <testcase name="TC_01_LoginEmptyEmailAndPassWord" time="1.898" classname="BecowTestcases.LoginPageScript"/>
  <testcase name="TC_03_LoginWrongEMAILFormat" time="1.591" classname="BecowTestcases.LoginPageScript"/>
  <testcase name="TC_04_clear" time="0.195" classname="BecowTestcases.LoginPageScript"/>
</testsuite> <!-- BecowTestcases.LoginPageScript -->
