<?xml version="1.0" encoding="UTF-8"?>
<!-- Generated by org.testng.reporters.JUnitReportReporter -->
<testsuite hostname="LAPTOP-4MO39718" name="BecowTestcases.LoginPageScript" tests="7" failures="0" timestamp="4 May 2019 04:19:28 GMT" time="13.666" errors="0">
  <testcase name="TC_02_LoginWrongSDTFormat" time="0.728" classname="BecowTestcases.LoginPageScript"/>
  <testcase name="TC_01_LoginEmptyEmailAndPassWord" time="0.691" classname="BecowTestcases.LoginPageScript"/>
  <testcase name="TC_04_LoginIncorrectAccount" time="0.677" classname="BecowTestcases.LoginPageScript"/>
  <testcase name="TC_03_LoginWrongEMAILFormat" time="0.693" classname="BecowTestcases.LoginPageScript"/>
  <testcase name="TC_06_LoginIncorrectEmailOrSdtOrPassword" time="0.820" classname="BecowTestcases.LoginPageScript"/>
  <testcase name="TC_07_LoginSucessFully" time="9.297" classname="BecowTestcases.LoginPageScript"/>
  <testcase name="TC_05_LoginIncorrectAccountAndIncorrectPassword" time="0.760" classname="BecowTestcases.LoginPageScript"/>
</testsuite> <!-- BecowTestcases.LoginPageScript -->
