<?xml version="1.0" encoding="UTF-8"?>
<!-- Generated by org.testng.reporters.JUnitReportReporter -->
<testsuite hostname="LAPTOP-4MO39718" name="BecowTestcases.CreateProductScript" tests="24" failures="0" timestamp="12 May 2019 04:37:29 GMT" time="293.789" errors="0">
  <testcase name="TC_18_RandomDanhMucAndInputDescriptionInputQuantityInputWeight10001" time="19.511" classname="BecowTestcases.CreateProductScript"/>
  <testcase name="TC_31_CreateProductSuccessfullyIfInputHeight1" time="13.271" classname="BecowTestcases.CreateProductScript"/>
  <testcase name="TC_10_JustUploadImage" time="4.143" classname="BecowTestcases.CreateProductScript"/>
  <testcase name="TC_30_InputHeight51" time="11.423" classname="BecowTestcases.CreateProductScript"/>
  <testcase name="TC_27_InputLength1" time="10.365" classname="BecowTestcases.CreateProductScript"/>
  <testcase name="TC_28_InputLength30" time="10.061" classname="BecowTestcases.CreateProductScript"/>
  <testcase name="TC_24_InputWith50" time="9.814" classname="BecowTestcases.CreateProductScript"/>
  <testcase name="TC_26_InputLength31" time="10.260" classname="BecowTestcases.CreateProductScript"/>
  <testcase name="TC_11_JustUploadImageInputRandomProductName" time="4.468" classname="BecowTestcases.CreateProductScript"/>
  <testcase name="TC_23_InputWith1" time="8.631" classname="BecowTestcases.CreateProductScript"/>
  <testcase name="TC_16_RandomDanhMucAndInputDescriptionInputQuantityInputPrice" time="9.711" classname="BecowTestcases.CreateProductScript"/>
  <testcase name="TC_19_RandomDanhMucAndInputDescriptionInputQuantityInputWeight50" time="18.863" classname="BecowTestcases.CreateProductScript"/>
  <testcase name="TC_17_RandomDanhMucAndInputDescriptionInputQuantityInputWeight49" time="15.419" classname="BecowTestcases.CreateProductScript"/>
  <testcase name="TC_15_RandomDanhMucAndInputDescriptionInputQuantity" time="9.309" classname="BecowTestcases.CreateProductScript"/>
  <testcase name="TC_33_AllFieldsLikeUserInputted" time="33.940" classname="BecowTestcases.CreateProductScript"/>
  <testcase name="TC_32_CreateProductSuccessfullyIfInputHeight50" time="12.190" classname="BecowTestcases.CreateProductScript"/>
  <testcase name="TC_09_CreateProductWithoutInputRequireFields" time="4.062" classname="BecowTestcases.CreateProductScript"/>
  <testcase name="TC_21_InputWith0" time="10.087" classname="BecowTestcases.CreateProductScript"/>
  <testcase name="TC_12_RandomSelectDanhMuc" time="9.210" classname="BecowTestcases.CreateProductScript"/>
  <testcase name="TC_34_UpdateQuantityIs0WillShowHetHang" time="29.441" classname="BecowTestcases.CreateProductScript"/>
  <testcase name="TC_29_InputHeight0" time="10.026" classname="BecowTestcases.CreateProductScript"/>
  <testcase name="TC_22_InputWith51" time="9.847" classname="BecowTestcases.CreateProductScript"/>
  <testcase name="TC_25_InputLength0" time="10.539" classname="BecowTestcases.CreateProductScript"/>
  <testcase name="TC_14_RandomDanhMucAndInputDescription" time="9.198" classname="BecowTestcases.CreateProductScript"/>
</testsuite> <!-- BecowTestcases.CreateProductScript -->
